using matrix file: ./data/weighted/1138_bus.mtx
using blocksize: 8
using tau: 0.6
matrix info: nrows=1138, ncols=1138, nnz=2596
checking for using block size: (8,8)
original density: 0.0561807
new density: 0.043804
Group calculation time(CPU):40.063ms

using matrix file: ./data/weighted/1138_bus.mtx
using blocksize: 8
using tau: 0.4
matrix info: nrows=1138, ncols=1138, nnz=2596
checking for using block size: (8,8)
original density: 0.0561807
new density: 0.0470563
Group calculation time(CPU):151.672ms

Detected 1 CUDA Capable device(s)
using matrix file: ./data/weighted/1138_bus.mtx
using blocksize: 8
using tau: 0.6
Start calculating with dimGrid 5, dimBlock 256...
matrix info: nrows=1138, ncols=1138, nnz=2596
checking for using block size: (8,8)
original density: 0.0561807
new density: 0.043804
Group calculation time(GPU): 221.846 ms

Detected 1 CUDA Capable device(s)
using matrix file: ./data/weighted/1138_bus.mtx
using blocksize: 8
using tau: 0.4
Start calculating with dimGrid 5, dimBlock 256...
matrix info: nrows=1138, ncols=1138, nnz=2596
checking for using block size: (8,8)
original density: 0.0561807
new density: 0.0470563
Group calculation time(GPU): 290.296 ms