using matrix file: ./data/weighted/1_nemeth21.el
using blocksize: 8
using tau: 0.6
matrix info: nrows=9507, ncols=9507, nnz=591626
checking for using block size: (8,8)
original density: 0.706416
new density: 0.688475
Group calculation time(CPU):15785.2ms

using matrix file: ./data/weighted/1_nemeth21.el
using blocksize: 8
using tau: 0.4
matrix info: nrows=9507, ncols=9507, nnz=591626
checking for using block size: (8,8)
original density: 0.706416
new density: 0.695468
Group calculation time(CPU):22881.4ms

Detected 1 CUDA Capable device(s)
using matrix file: ./data/weighted/1_nemeth21.el
using blocksize: 8
using tau: 0.6
Start calculating with dimGrid 38, dimBlock 256...
matrix info: nrows=9507, ncols=9507, nnz=591626
checking for using block size: (8,8)
original density: 0.706416
new density: 0.688475
Group calculation time(GPU): 1316.35 ms

Detected 1 CUDA Capable device(s)
using matrix file: ./data/weighted/1_nemeth21.el
using blocksize: 8
using tau: 0.4
Start calculating with dimGrid 38, dimBlock 256...
matrix info: nrows=9507, ncols=9507, nnz=591626
checking for using block size: (8,8)
original density: 0.706416
new density: 0.695468
Group calculation time(GPU): 1905.69 ms