using matrix file: ./data/weighted/494_bus.mtx
using blocksize: 8
using tau: 0.6
matrix info: nrows=494, ncols=494, nnz=1080
checking for using block size: (8,8)
original density: 0.0428299
new density: 0.0349379
Group calculation time(CPU):6.43ms

using matrix file: ./data/weighted/494_bus.mtx
using blocksize: 8
using tau: 0.4
matrix info: nrows=494, ncols=494, nnz=1080
checking for using block size: (8,8)
original density: 0.0428299
new density: 0.0387041
Group calculation time(CPU):13.563ms

Detected 1 CUDA Capable device(s)
using matrix file: ./data/weighted/494_bus.mtx
using blocksize: 8
using tau: 0.6
Start calculating with dimGrid 2, dimBlock 256...
matrix info: nrows=494, ncols=494, nnz=1080
checking for using block size: (8,8)
original density: 0.0428299
new density: 0.0349379
Group calculation time(GPU): 50.6829 ms

Detected 1 CUDA Capable device(s)
using matrix file: ./data/weighted/494_bus.mtx
using blocksize: 8
using tau: 0.4
Start calculating with dimGrid 2, dimBlock 256...
matrix info: nrows=494, ncols=494, nnz=1080
checking for using block size: (8,8)
original density: 0.0428299
new density: 0.0387041
Group calculation time(GPU): 74.0106 ms
