using matrix file: ./data/weighted/freeFlyingRobot_7.mtx
using blocksize: 8
using tau: 0.6
matrix info: nrows=3918, ncols=3918, nnz=16697
checking for using block size: (8,8)
original density: 0.122888
new density: 0.104733
Group calculation time(CPU):1094.61ms

using matrix file: ./data/weighted/freeFlyingRobot_7.mtx
using blocksize: 8
using tau: 0.4
matrix info: nrows=3918, ncols=3918, nnz=16697
checking for using block size: (8,8)
original density: 0.122888
new density: 0.104231
Group calculation time(CPU):15662.7ms

Detected 1 CUDA Capable device(s)
using matrix file: ./data/weighted/freeFlyingRobot_7.mtx
using blocksize: 8
using tau: 0.6
Start calculating with dimGrid 16, dimBlock 256...
matrix info: nrows=3918, ncols=3918, nnz=16697
checking for using block size: (8,8)
original density: 0.122888
new density: 0.104733
Group calculation time(GPU): 1574.49 ms

Detected 1 CUDA Capable device(s)
using matrix file: ./data/weighted/freeFlyingRobot_7.mtx
using blocksize: 8
using tau: 0.4
Start calculating with dimGrid 16, dimBlock 256...
matrix info: nrows=3918, ncols=3918, nnz=16697
checking for using block size: (8,8)
original density: 0.122888
new density: 0.104231
Group calculation time(GPU): 4534.65 ms