using matrix file: ./data/weighted/freeFlyingRobot_4.mtx
using blocksize: 8
using tau: 0.6
matrix info: nrows=2358, ncols=2358, nnz=9815
checking for using block size: (8,8)
original density: 0.126848
new density: 0.102582
Group calculation time(CPU):211.375ms

using matrix file: ./data/weighted/freeFlyingRobot_4.mtx
using blocksize: 8
using tau: 0.4
matrix info: nrows=2358, ncols=2358, nnz=9815
checking for using block size: (8,8)
original density: 0.126848
new density: 0.10163
Group calculation time(CPU):2971.23ms

Detected 1 CUDA Capable device(s)
using matrix file: ./data/weighted/freeFlyingRobot_4.mtx
using blocksize: 8
using tau: 0.6
Start calculating with dimGrid 10, dimBlock 256...
matrix info: nrows=2358, ncols=2358, nnz=9815
checking for using block size: (8,8)
original density: 0.126848
new density: 0.102582
Group calculation time(GPU): 533.595 ms

Detected 1 CUDA Capable device(s)
using matrix file: ./data/weighted/freeFlyingRobot_4.mtx
using blocksize: 8
using tau: 0.4
Start calculating with dimGrid 10, dimBlock 256...
matrix info: nrows=2358, ncols=2358, nnz=9815
checking for using block size: (8,8)
original density: 0.126848
new density: 0.10163
Group calculation time(GPU): 1589.28 ms