using matrix file: ./data/weighted/mesh3em5.mtx
using blocksize: 8
using tau: 0.6
matrix info: nrows=289, ncols=289, nnz=1089
checking for using block size: (8,8)
original density: 0.122415
new density: 0.0802624
Group calculation time(CPU):4.379ms

using matrix file: ./data/weighted/mesh3em5.mtx
using blocksize: 8
using tau: 0.4
matrix info: nrows=289, ncols=289, nnz=1089
checking for using block size: (8,8)
original density: 0.122415
new density: 0.10189
Group calculation time(CPU):7.851ms

Detected 1 CUDA Capable device(s)
using matrix file: ./data/weighted/mesh3em5.mtx
using blocksize: 8
using tau: 0.6
Start calculating with dimGrid 2, dimBlock 256...
matrix info: nrows=289, ncols=289, nnz=1089
checking for using block size: (8,8)
original density: 0.122415
new density: 0.0802624
Group calculation time(GPU): 26.3342 ms

Detected 1 CUDA Capable device(s)
using matrix file: ./data/weighted/mesh3em5.mtx
using blocksize: 8
using tau: 0.4
Start calculating with dimGrid 2, dimBlock 256...
matrix info: nrows=289, ncols=289, nnz=1089
checking for using block size: (8,8)
original density: 0.122415
new density: 0.10189
Group calculation time(GPU): 44.4692 ms
