using matrix file: ./data/unweighted/ca-HepPh_r.el
using blocksize: 8
using tau: 0.6
matrix info: nrows=12009, ncols=12009, nnz=118522
checking for using block size: (8,8)
original density: 0.0182708
new density: 0.0349614
Group calculation time(CPU):51114.3ms

using matrix file: ./data/unweighted/ca-HepPh_r.el
using blocksize: 8
using tau: 0.4
matrix info: nrows=12009, ncols=12009, nnz=118522
checking for using block size: (8,8)
original density: 0.0182708
new density: 0.0307779
Group calculation time(CPU):151599ms

Detected 1 CUDA Capable device(s)
using matrix file: ./data/unweighted/ca-HepPh_r.el
using blocksize: 8
using tau: 0.6
Start calculating with dimGrid 42, dimBlock 256...
matrix info: nrows=12009, ncols=12009, nnz=118522
checking for using block size: (8,8)
original density: 0.0182708
new density: 0.0349614
Group calculation time(GPU): 17404.9 ms

Detected 1 CUDA Capable device(s)
using matrix file: ./data/unweighted/ca-HepPh_r.el
using blocksize: 8
using tau: 0.4
Start calculating with dimGrid 42, dimBlock 256...
matrix info: nrows=12009, ncols=12009, nnz=118522
checking for using block size: (8,8)
original density: 0.0182708
new density: 0.0307779
Group calculation time(GPU): 27288.6 ms