using matrix file: ./data/unweighted/grid2.mtx
using blocksize: 8
using tau: 0.6
matrix info: nrows=3296, ncols=3296, nnz=6432
checking for using block size: (8,8)
original density: 0.0492165
new density: 0.0462494
Group calculation time(CPU):1161.43ms

using matrix file: ./data/unweighted/grid2.mtx
using blocksize: 8
using tau: 0.4
matrix info: nrows=3296, ncols=3296, nnz=6432
checking for using block size: (8,8)
original density: 0.0492165
new density: 0.0462494
Group calculation time(CPU):1162.94ms

Detected 1 CUDA Capable device(s)
using matrix file: ./data/unweighted/grid2.mtx
using blocksize: 8
using tau: 0.6
Start calculating with dimGrid 13, dimBlock 256...
matrix info: nrows=3296, ncols=3296, nnz=6432
checking for using block size: (8,8)
original density: 0.0492165
new density: 0.0462494
Group calculation time(GPU): 1678.89 ms

Detected 1 CUDA Capable device(s)
using matrix file: ./data/unweighted/grid2.mtx
using blocksize: 8
using tau: 0.4
Start calculating with dimGrid 13, dimBlock 256...
matrix info: nrows=3296, ncols=3296, nnz=6432
checking for using block size: (8,8)
original density: 0.0492165
new density: 0.0462494
Group calculation time(GPU): 1735.68 ms