using matrix file: ./data/unweighted/seventh_graders.el
using blocksize: 8
using tau: 0.6
matrix info: nrows=28, ncols=29, nnz=250
checking for using block size: (8,8)
original density: 0.390625
new density: 0.325521
Group calculation time(CPU):0.04ms

using matrix file: ./data/unweighted/seventh_graders.el
using blocksize: 8
using tau: 0.4
matrix info: nrows=28, ncols=29, nnz=250
checking for using block size: (8,8)
original density: 0.390625
new density: 0.390625
Group calculation time(CPU):0.088ms

Detected 1 CUDA Capable device(s)
using matrix file: ./data/unweighted/seventh_graders.el
using blocksize: 8
using tau: 0.6
Start calculating with dimGrid 1, dimBlock 256...
matrix info: nrows=28, ncols=29, nnz=250
checking for using block size: (8,8)
original density: 0.390625
new density: 0.325521
Group calculation time(GPU): 0.54784 ms

Detected 1 CUDA Capable device(s)
using matrix file: ./data/unweighted/seventh_graders.el
using blocksize: 8
using tau: 0.4
Start calculating with dimGrid 1, dimBlock 256...
matrix info: nrows=28, ncols=29, nnz=250
checking for using block size: (8,8)
original density: 0.390625
new density: 0.390625
Group calculation time(GPU): 1.12435 ms