Detected 1 CUDA Capable device(s)
case '-m' found, set to mtx format
case '-l' found, iterating to find tau
****Notic: list func can not be use together with specific tau****
using matrix file: ./data/large/apache2.mtx
using blocksize: 64
Using MTX format
Start calculating with dimGrid 28, dimBlock 256...
matrix info: nrows=715176, ncols=715176, nnz=2766523
rows_per_thread=100
using tau: 0.9
group number: 7936
new_density: 0.00962001
elapsed time: 8873.5 ms
using tau: 0.8
group number: 15488
new_density: 0.0104185
elapsed time: 26409 ms
using tau: 0.6
group number: 65024
new_density: 0.010482
elapsed time: 182086 ms
using tau: 0.5
group number: 68480
new_density: 0.0104859
elapsed time: 201667 ms
using tau: 0.4
group number: 68480
new_density: 0.0104859
elapsed time: 201670 ms
using tau: 0.3
group number: 143020
new_density: 0.0104859
elapsed time: 617166 ms
using tau: 0.2
group number: 629248
new_density: 0.0104859
elapsed time: 2.2766e+06 ms
using tau: 0.1
group number: 629248
new_density: 0.0104859
elapsed time: 2.27664e+06 ms
using tau: 0.01
group number: 629248
new_density: 0.0104859
elapsed time: 2.27668e+06 ms
=============SUMMARY=================
matrix size: nrows=715176, ncols=715176, nnz=2766523
checking for using block size: (64,64)
original density: 0.0104859
best tau: 0.5
best density: 0.0104859
Total calculation time(GPU): 8.06778e+06 ms
