Detected 1 CUDA Capable device(s)
case '-m' found, set to mtx format
case '-l' found, iterating to find tau
****Notic: list func can not be use together with specific tau****
using matrix file: ./data/large/apache2.mtx
using blocksize: 64
Using MTX format
Start calculating with dimGrid 28, dimBlock 256...
matrix info: nrows=715176, ncols=715176, nnz=2766523
rows_per_thread=100
using tau: 0.9
group number: 6680
new_density: 0.00936731
elapsed time: 9359.18 ms
using tau: 0.8
group number: 14532
new_density: 0.0103933
elapsed time: 35798.1 ms
using tau: 0.6
group number: 64232
new_density: 0.0104859
elapsed time: 320486 ms
using tau: 0.5
group number: 67968
new_density: 0.0104859
elapsed time: 362422 ms
using tau: 0.4
group number: 67968
new_density: 0.0104859
elapsed time: 362417 ms
using tau: 0.3
group number: 129728
new_density: 0.0104859
elapsed time: 1.04004e+06 ms
using tau: 0.2
group number: 550016
new_density: 0.0104859
elapsed time: 3.5628e+06 ms
using tau: 0.1
group number: 550016
new_density: 0.0104859
elapsed time: 3.56282e+06 ms
using tau: 0.01
group number: 550016
new_density: 0.0104859
elapsed time: 3.56281e+06 ms
=============SUMMARY=================
matrix size: nrows=715176, ncols=715176, nnz=2766523
checking for using block size: (64,64)
original density: 0.0104859
best tau: 0.6
best density: 0.0104859
Total calculation time(GPU): 1.2819e+07 ms
