Detected 1 CUDA Capable device(s)
case '-m' found, set to mtx format
case '-l' found, iterating to find tau
****Notic: list func can not be use together with specific tau****
using matrix file: ./data/large/delaunay_n20.mtx
using blocksize: 64
Using MTX format
Start calculating with dimGrid 28, dimBlock 256...
matrix info: nrows=1048576, ncols=1048576, nnz=3145686
rows_per_thread=147
using tau: 0.9
group number: 16400
new_density: 0.00432385
elapsed time: 585443 ms
using tau: 0.8
group number: 35776
new_density: 0.00448928
elapsed time: 805138 ms
using tau: 0.6
group number: 140848
new_density: 0.00546916
elapsed time: 3.79587e+06 ms
using tau: 0.5
group number: 294096
new_density: 0.00589238
elapsed time: 9.61284e+06 ms
using tau: 0.4
