Detected 1 CUDA Capable device(s)
case '-m' found, set to mtx format
case '-l' found, iterating to find tau
****Notic: list func can not be use together with specific tau****
using matrix file: ./data/large/rajat29.mtx
using blocksize: 64
Using MTX format
Start calculating with dimGrid 28, dimBlock 256...
matrix info: nrows=643994, ncols=643994, nnz=4866270
rows_per_thread=90
using tau: 0.9
group number: 3616
new_density: 0.00586833
elapsed time: 98685.8 ms
using tau: 0.8
group number: 10000
new_density: 0.00557832
elapsed time: 184749 ms
using tau: 0.6
group number: 54064
new_density: 0.00649931
elapsed time: 1.01525e+06 ms
using tau: 0.5
group number: 115568
new_density: 0.00708018
elapsed time: 2.10814e+06 ms
using tau: 0.4
group number: 152784
new_density: 0.00763776
elapsed time: 2.50558e+06 ms
using tau: 0.3
group number: 254400
new_density: 0.00722283
elapsed time: 5.65473e+06 ms
using tau: 0.2
