Detected 1 CUDA Capable device(s)
case '-m' found, set to mtx format
case '-l' found, iterating to find tau
****Notic: list func can not be use together with specific tau****
using matrix file: ./data/large/rajat29.mtx
using blocksize: 64
Using MTX format
Start calculating with dimGrid 28, dimBlock 256...
matrix info: nrows=643994, ncols=643994, nnz=4866270
rows_per_thread=90
using tau: 0.9
group number: 790
new_density: 0.00594416
elapsed time: 210897 ms
using tau: 0.8
group number: 3680
new_density: 0.00554955
elapsed time: 723463 ms
using tau: 0.6
group number: 20532
new_density: 0.00674602
elapsed time: 3.83022e+06 ms
using tau: 0.5
group number: 54051
new_density: 0.00746739
elapsed time: 1.20503e+07 ms
using tau: 0.4
