Detected 1 CUDA Capable device(s)
case '-m' found, set to mtx format
case '-l' found, iterating to find tau
****Notic: list func can not be use together with specific tau****
using matrix file: ./data/large/rajat29.mtx
using blocksize: 64
Using MTX format
Start calculating with dimGrid 28, dimBlock 256...
matrix info: nrows=643994, ncols=643994, nnz=4866270
rows_per_thread=90
using tau: 0.9
group number: 6784
new_density: 0.00589064
elapsed time: 53794.8 ms
using tau: 0.8
group number: 15062
new_density: 0.00564353
elapsed time: 87330.7 ms
using tau: 0.6
group number: 77576
new_density: 0.00655475
elapsed time: 450156 ms
using tau: 0.5
group number: 149248
new_density: 0.00707424
elapsed time: 838074 ms
using tau: 0.4
group number: 183232
new_density: 0.00757456
elapsed time: 937569 ms
using tau: 0.3
group number: 341056
new_density: 0.00714387
elapsed time: 2.29696e+06 ms
using tau: 0.2
group number: 508160
new_density: 0.00671266
elapsed time: 3.21326e+06 ms
using tau: 0.1
group number: 532416
new_density: 0.00643294
elapsed time: 3.27574e+06 ms
using tau: 0.01
group number: 532416
new_density: 0.00643349
elapsed time: 3.27579e+06 ms
=============SUMMARY=================
matrix size: nrows=643994, ncols=643994, nnz=4866270
checking for using block size: (64,64)
original density: 0.00628527
best tau: 0.4
best density: 0.00757456
Total calculation time(GPU): 1.44287e+07 ms
