Detected 1 CUDA Capable device(s)
case '-m' found, set to mtx format
case '-l' found, iterating to find tau
****Notic: list func can not be use together with specific tau****
using matrix file: ./data/large/t2em.mtx
using blocksize: 64
Using MTX format
Start calculating with dimGrid 28, dimBlock 256...
matrix info: nrows=921632, ncols=921632, nnz=4590832
rows_per_thread=129
using tau: 0.9
group number: 3734
new_density: 0.0118695
elapsed time: 391868 ms
using tau: 0.8
group number: 7310
new_density: 0.0116272
elapsed time: 437693 ms
using tau: 0.6
group number: 23504
new_density: 0.0128806
elapsed time: 5.57843e+06 ms
using tau: 0.5
group number: 28115
new_density: 0.0133059
elapsed time: 7.96237e+06 ms
using tau: 0.4
