Detected 1 CUDA Capable device(s)
case '-m' found, set to mtx format
case '-l' found, iterating to find tau
****Notic: list func can not be use together with specific tau****
using matrix file: ./data/large/t2em.mtx
using blocksize: 64
Using MTX format
Start calculating with dimGrid 28, dimBlock 256...
matrix info: nrows=921632, ncols=921632, nnz=4590832
rows_per_thread=129
using tau: 0.9
group number: 19687
new_density: 0.011409
elapsed time: 27577.5 ms
using tau: 0.8
group number: 36071
new_density: 0.011402
elapsed time: 123083 ms
using tau: 0.6
group number: 158624
new_density: 0.0127485
elapsed time: 605199 ms
using tau: 0.5
group number: 160416
new_density: 0.0127505
elapsed time: 618382 ms
using tau: 0.4
group number: 160416
new_density: 0.0127505
elapsed time: 618380 ms
using tau: 0.3
group number: 184608
new_density: 0.0125355
elapsed time: 802715 ms
using tau: 0.2
group number: 788128
new_density: 0.0125692
elapsed time: 3.69767e+06 ms
using tau: 0.1
group number: 788128
new_density: 0.0125692
elapsed time: 3.6977e+06 ms
using tau: 0.01
group number: 788128
new_density: 0.0125692
elapsed time: 3.69768e+06 ms
=============SUMMARY=================
matrix size: nrows=921632, ncols=921632, nnz=4590832
checking for using block size: (64,64)
original density: 0.012159
best tau: 0.5
best density: 0.0127505
Total calculation time(GPU): 1.38884e+07 ms
