Detected 1 CUDA Capable device(s)
case '-m' found, set to mtx format
case '-l' found, iterating to find tau
****Notic: list func can not be use together with specific tau****
using matrix file: ./data/large/t2em.mtx
using blocksize: 64
Using MTX format
Start calculating with dimGrid 28, dimBlock 256...
matrix info: nrows=921632, ncols=921632, nnz=4590832
rows_per_thread=129
using tau: 0.9
group number: 10864
new_density: 0.0112196
elapsed time: 95691.1 ms
using tau: 0.8
group number: 22928
new_density: 0.0112136
elapsed time: 408943 ms
using tau: 0.6
group number: 133360
new_density: 0.0130711
elapsed time: 3.38997e+06 ms
using tau: 0.5
group number: 145072
new_density: 0.0127505
elapsed time: 3.74503e+06 ms
using tau: 0.4
group number: 145072
new_density: 0.0127505
elapsed time: 3.74485e+06 ms
using tau: 0.3
group number: 158576
new_density: 0.0131238
elapsed time: 4.53973e+06 ms
using tau: 0.2
