Detected 1 CUDA Capable device(s)
case '-e' found, set to el format
case '-l' found, iterating to find tau
****Notic: list func can not be use together with specific tau****
using matrix file: ./data/large/twitter.el
using blocksize: 64
Using EL format
Start calculating with dimGrid 28, dimBlock 256...
matrix info: nrows=444815, ncols=465017, nnz=833540
rows_per_thread=63
using tau: 0.9
group number: 3232
new_density: 0.00114006
elapsed time: 41184.8 ms
using tau: 0.8
group number: 11831
new_density: 0.000967863
elapsed time: 143672 ms
using tau: 0.6
group number: 25381
new_density: 0.000915648
elapsed time: 422638 ms
using tau: 0.5
group number: 28447
new_density: 0.000902355
elapsed time: 505819 ms
using tau: 0.4
group number: 28631
new_density: 0.000899834
elapsed time: 508026 ms
using tau: 0.3
group number: 29833
new_density: 0.000896192
elapsed time: 538406 ms
using tau: 0.2
group number: 30029
new_density: 0.00089684
elapsed time: 541253 ms
using tau: 0.1
group number: 30064
new_density: 0.000896883
elapsed time: 541633 ms
using tau: 0.01
group number: 30065
new_density: 0.000896883
elapsed time: 541641 ms
=============SUMMARY=================
matrix size: nrows=444815, ncols=465017, nnz=833540
checking for using block size: (64,64)
original density: 0.000756782
best tau: 0.9
best density: 0.00114006
Total calculation time(GPU): 3.78427e+06 ms
