Detected 1 CUDA Capable device(s)
case '-e' found, set to el format
case '-l' found, iterating to find tau
****Notic: list func can not be use together with specific tau****
using matrix file: ./data/large/twitter.el
using blocksize: 64
Using EL format
Start calculating with dimGrid 28, dimBlock 256...
matrix info: nrows=444815, ncols=465017, nnz=833540
rows_per_thread=63
using tau: 0.9
group number: 3312
new_density: 0.0011336
elapsed time: 18057.4 ms
using tau: 0.8
group number: 11920
new_density: 0.000969149
elapsed time: 44342.1 ms
using tau: 0.6
group number: 25584
new_density: 0.000915759
elapsed time: 74977.6 ms
using tau: 0.5
group number: 28832
new_density: 0.000901943
elapsed time: 83799.1 ms
using tau: 0.4
group number: 29008
new_density: 0.000899368
elapsed time: 84230.1 ms
using tau: 0.3
group number: 30304
new_density: 0.000895813
elapsed time: 87183.5 ms
using tau: 0.2
group number: 30512
new_density: 0.000896504
elapsed time: 87599.5 ms
using tau: 0.1
group number: 30592
new_density: 0.000896524
elapsed time: 87749.3 ms
using tau: 0.01
group number: 30592
new_density: 0.000896524
elapsed time: 87748.8 ms
=============SUMMARY=================
matrix size: nrows=444815, ncols=465017, nnz=833540
checking for using block size: (64,64)
original density: 0.000756782
best tau: 0.9
best density: 0.0011336
Total calculation time(GPU): 655687 ms
