******************************************************************************
METIS 5.2.1 Copyright 1998-22, Regents of the University of Minnesota
 (HEAD: unknown, Built on: Oct  9 2023, 03:04:20)
 size of idx_t: 32bits, real_t: 32bits, idx_t *: 64bits

Graph Information -----------------------------------------------------------
 Name: /home/shuxin.zheng/Proj-GPU-Computing/My_proj/data/convert/delaunay_n20.graph, #Vertices: 1048576, #Edges: 3145686, #Parts: 16318

Options ---------------------------------------------------------------------
 ptype=kway, objtype=cut, ctype=shem, rtype=greedy, iptype=metisrb
 dbglvl=0, ufactor=1.030, no2hop=NO, minconn=NO, contig=NO
 ondisk=NO, nooutput=NO
 seed=-1, niparts=-1, niter=10, ncuts=1

Direct k-way Partitioning ---------------------------------------------------
 - Edgecut: 470082, communication volume: 519190.

 - Balance:
     constraint #0:  1.027 out of 0.016

 - Most overweight partition:
     pid: 34, actual: 66, desired: 64, ratio: 1.03.

 - Subdomain connectivity: max: 15, min: 3, avg: 6.01

 - There are 63 non-contiguous partitions.
   Total components after removing the cut edges: 16382,
   max components: 3 for pid: 2368.

Timing Information ----------------------------------------------------------
  I/O:                             0.607 sec
  Partitioning:                   10.508 sec   (METIS time)
  Reporting:                       0.216 sec

Memory Information ----------------------------------------------------------
  Max memory used:               167.850 MB
  rusage.ru_maxrss:              220.918 MB
  proc/self/stat/VmPeak:         260.387 MB
******************************************************************************