******************************************************************************
METIS 5.2.1 Copyright 1998-22, Regents of the University of Minnesota
 (HEAD: unknown, Built on: Oct  9 2023, 03:04:20)
 size of idx_t: 32bits, real_t: 32bits, idx_t *: 64bits

Graph Information -----------------------------------------------------------
 Name: /home/shuxin.zheng/Proj-GPU-Computing/My_proj/data/convert/kron_g500-logn16.graph, #Vertices: 65536, #Edges: 2456071, #Parts: 2475

Options ---------------------------------------------------------------------
 ptype=kway, objtype=cut, ctype=shem, rtype=greedy, iptype=metisrb
 dbglvl=0, ufactor=1.030, no2hop=NO, minconn=NO, contig=NO
 ondisk=NO, nooutput=NO
 seed=-1, niparts=-1, niter=10, ncuts=1

Direct k-way Partitioning ---------------------------------------------------
 - Edgecut: 2405360, communication volume: 2823853.

 - Balance:
     constraint #0:  1.020 out of 0.038

 - Most overweight partition:
     pid: 0, actual: 27, desired: 26, ratio: 1.02.

 - Subdomain connectivity: max: 2435, min: 12, avg: 415.45

 - The original graph had 10217 connected components and the resulting
   partitioning after removing the cut edges has 28812 components.
Timing Information ----------------------------------------------------------
  I/O:                             0.125 sec
  Partitioning:                    6.623 sec   (METIS time)
  Reporting:                       0.076 sec

Memory Information ----------------------------------------------------------
  Max memory used:               264.185 MB
  rusage.ru_maxrss:              273.102 MB
  proc/self/stat/VmPeak:         304.199 MB