******************************************************************************
METIS 5.2.1 Copyright 1998-22, Regents of the University of Minnesota
 (HEAD: unknown, Built on: Oct  9 2023, 03:04:20)
 size of idx_t: 32bits, real_t: 32bits, idx_t *: 64bits

Graph Information -----------------------------------------------------------
 Name: /home/shuxin.zheng/Proj-GPU-Computing/My_proj/data/convert/twitter.graph, #Vertices: 465017, #Edges: 833540, #Parts: 3601

Options ---------------------------------------------------------------------
 ptype=kway, objtype=cut, ctype=shem, rtype=greedy, iptype=metisrb
 dbglvl=0, ufactor=1.030, no2hop=NO, minconn=NO, contig=NO
 ondisk=NO, nooutput=NO
 seed=-1, niparts=-1, niter=10, ncuts=1

Direct k-way Partitioning ---------------------------------------------------
 - Edgecut: 573535, communication volume: 840619.

 - Balance:
     constraint #0:  1.030 out of 0.008

 - Most overweight partition:
     pid: 1, actual: 133, desired: 129, ratio: 1.03.

 - Subdomain connectivity: max: 1000, min: 1, avg: 139.40

 - There are 2515 non-contiguous partitions.
   Total components after removing the cut edges: 208055,
   max components: 130 for pid: 110.

Timing Information ----------------------------------------------------------
  I/O:                             0.167 sec
  Partitioning:                    4.439 sec   (METIS time)
  Reporting:                       0.061 sec

Memory Information ----------------------------------------------------------
  Max memory used:                84.746 MB
  rusage.ru_maxrss:               95.961 MB
  proc/self/stat/VmPeak:         110.480 MB
******************************************************************************